生成启动时间为 2019/9/8 星期日 下午 12:06:48。
     1>项目“E:\PPF identification system\Project-progress-and-fund-identification-system\PPF_system\PPF_system\PPF_system.vcxproj”在节点 2 上(Build 个目标)。
     1>ClCompile:
         D:\Software\VC\bin\CL.exe /c /I"E:\PPF identification system\Project-progress-and-fund-identification-system\PPF_system\DuiLib" /I"C:\Program Files (x86)\MySQL\MySQL Server 5.5\include" /Z7 /nologo /W3 /WX- /sdl /Od /Oy- /D WIN32 /D _DEBUG /D _WINDOWS /D WIN32_LEAN_AND_MEAN /D _UNICODE /D UNICODE /Gm /EHsc /RTC1 /MDd /GS /fp:precise /Zc:wchar_t /Zc:forScope /Fo"Debug\\" /Fd"Debug\vc120.pdb" /Gd /TP /analyze- /errorReport:prompt Gmanger.cpp
     1>cl : 命令行 warning D9007: “/Gm”需要“/Zi 或 /ZI”；选项被忽略
         Gmanger.cpp
     1>Gmanger.cpp(265): warning C4018: “<”: 有符号/无符号不匹配
     1>Gmanger.cpp(274): warning C4018: “<=”: 有符号/无符号不匹配
     1>Gmanger.cpp(288): warning C4018: “<”: 有符号/无符号不匹配
     1>Gmanger.cpp(297): warning C4018: “<=”: 有符号/无符号不匹配
     1>Gmanger.cpp(311): warning C4018: “<”: 有符号/无符号不匹配
     1>Gmanger.cpp(320): warning C4018: “<=”: 有符号/无符号不匹配
     1>Gmanger.cpp(334): warning C4018: “<”: 有符号/无符号不匹配
     1>Gmanger.cpp(343): warning C4018: “<=”: 有符号/无符号不匹配
       Link:
         D:\Software\VC\bin\link.exe /ERRORREPORT:PROMPT /OUT:"E:\PPF identification system\Project-progress-and-fund-identification-system\PPF_system\Debug\PPF_system.exe" /INCREMENTAL /NOLOGO /LIBPATH:"E:\PPF identification system\Project-progress-and-fund-identification-system\PPF_system\lib" /LIBPATH:"C:\Program Files (x86)\MySQL\MySQL Server 5.5\lib" libmysql.lib kernel32.lib user32.lib gdi32.lib winspool.lib comdlg32.lib advapi32.lib shell32.lib ole32.lib oleaut32.lib uuid.lib odbc32.lib odbccp32.lib kernel32.lib user32.lib gdi32.lib winspool.lib comdlg32.lib advapi32.lib shell32.lib ole32.lib oleaut32.lib uuid.lib odbc32.lib odbccp32.lib /MANIFEST /MANIFESTUAC:"level='asInvoker' uiAccess='false'" /manifest:embed /DEBUG /PDB:"E:\PPF identification system\Project-progress-and-fund-identification-system\PPF_system\Debug\PPF_system.pdb" /SUBSYSTEM:WINDOWS /TLBID:1 /DYNAMICBASE /NXCOMPAT /IMPLIB:"E:\PPF identification system\Project-progress-and-fund-identification-system\PPF_system\Debug\PPF_system.lib" /MACHINE:X86 Debug\Captain.obj
         Debug\Pmanger.obj
         Debug\Common.obj
         Debug\Login.obj
         Debug\Gmanger.obj
         Debug\MySQL.obj
         Debug\Entry.obj
         PPF_system.vcxproj -> E:\PPF identification system\Project-progress-and-fund-identification-system\PPF_system\Debug\PPF_system.exe
     1>已完成生成项目“E:\PPF identification system\Project-progress-and-fund-identification-system\PPF_system\PPF_system\PPF_system.vcxproj”(Build 个目标)的操作。

生成成功。

已用时间 00:00:01.72
