e:\ppf identification system\project-progress-and-fund-identification-system\ppf_system\ppf_system\debug\vc120.pdb
e:\ppf identification system\project-progress-and-fund-identification-system\ppf_system\ppf_system\debug\vc120.idb
e:\ppf identification system\project-progress-and-fund-identification-system\ppf_system\ppf_system\debug\cashier.obj
e:\ppf identification system\project-progress-and-fund-identification-system\ppf_system\ppf_system\debug\common.obj
e:\ppf identification system\project-progress-and-fund-identification-system\ppf_system\ppf_system\debug\mysql.obj
e:\ppf identification system\project-progress-and-fund-identification-system\ppf_system\ppf_system\debug\entry.obj
e:\ppf identification system\project-progress-and-fund-identification-system\ppf_system\ppf_system\debug\login.obj
e:\ppf identification system\project-progress-and-fund-identification-system\ppf_system\ppf_system\debug\mainwnd.obj
e:\ppf identification system\project-progress-and-fund-identification-system\ppf_system\ppf_system\debug\testbillb.obj
e:\ppf identification system\project-progress-and-fund-identification-system\ppf_system\ppf_system\debug\gmanger.obj
e:\ppf identification system\project-progress-and-fund-identification-system\ppf_system\ppf_system\debug\pmanger.obj
e:\ppf identification system\project-progress-and-fund-identification-system\ppf_system\ppf_system\debug\captain.obj
e:\ppf identification system\project-progress-and-fund-identification-system\ppf_system\debug\ppf_system.ilk
e:\ppf identification system\project-progress-and-fund-identification-system\ppf_system\debug\ppf_system.exe
e:\ppf identification system\project-progress-and-fund-identification-system\ppf_system\debug\ppf_system.pdb
e:\ppf identification system\project-progress-and-fund-identification-system\ppf_system\ppf_system\debug\ppf_system.tlog\cl.command.1.tlog
e:\ppf identification system\project-progress-and-fund-identification-system\ppf_system\ppf_system\debug\ppf_system.tlog\cl.read.1.tlog
e:\ppf identification system\project-progress-and-fund-identification-system\ppf_system\ppf_system\debug\ppf_system.tlog\cl.write.1.tlog
e:\ppf identification system\project-progress-and-fund-identification-system\ppf_system\ppf_system\debug\ppf_system.tlog\link.command.1.tlog
e:\ppf identification system\project-progress-and-fund-identification-system\ppf_system\ppf_system\debug\ppf_system.tlog\link.read.1.tlog
e:\ppf identification system\project-progress-and-fund-identification-system\ppf_system\ppf_system\debug\ppf_system.tlog\link.write.1.tlog
